<?xml version="1.0" encoding="UTF-8"?>
<testng-results ignored="0" total="1" passed="1" failed="0" skipped="0">
  <reporter-output>
  </reporter-output>
  <suite started-at="2020-06-09T10:53:16 IST" name="Suite" finished-at="2020-06-09T10:53:16 IST" duration-ms="61">
    <groups>
    </groups>
    <test started-at="2020-06-09T10:53:16 IST" name="Test" finished-at="2020-06-09T10:53:16 IST" duration-ms="61">
      <class name="NewAccademy.MavenJava.SeleniumTest">
        <test-method signature="Browser()[pri:0, instance:NewAccademy.MavenJava.SeleniumTest@10d68fcd]" started-at="2020-06-09T10:53:16 IST" name="Browser" finished-at="2020-06-09T10:53:16 IST" duration-ms="12" status="PASS">
          <reporter-output>
          </reporter-output>
        </test-method> <!-- Browser -->
      </class> <!-- NewAccademy.MavenJava.SeleniumTest -->
    </test> <!-- Test -->
  </suite> <!-- Suite -->
</testng-results>
