<?xml version="1.0" encoding="UTF-8"?>
<testng-results ignored="0" total="2" passed="2" failed="0" skipped="0">
  <reporter-output>
  </reporter-output>
  <suite started-at="2020-06-30T11:02:26 IST" name="Default suite" finished-at="2020-06-30T11:02:26 IST" duration-ms="65">
    <groups>
    </groups>
    <test started-at="2020-06-30T11:02:26 IST" name="Default test" finished-at="2020-06-30T11:02:26 IST" duration-ms="65">
      <class name="NewAccademy.MavenJava.Newgithubbtest">
        <test-method signature="Browser1()[pri:0, instance:NewAccademy.MavenJava.Newgithubbtest@1bb266b3]" started-at="2020-06-30T11:02:26 IST" name="Browser1" finished-at="2020-06-30T11:02:26 IST" duration-ms="13" status="PASS">
          <reporter-output>
          </reporter-output>
        </test-method> <!-- Browser1 -->
        <test-method signature="Browser2()[pri:0, instance:NewAccademy.MavenJava.Newgithubbtest@1bb266b3]" started-at="2020-06-30T11:02:26 IST" name="Browser2" finished-at="2020-06-30T11:02:26 IST" duration-ms="1" status="PASS">
          <reporter-output>
          </reporter-output>
        </test-method> <!-- Browser2 -->
      </class> <!-- NewAccademy.MavenJava.Newgithubbtest -->
    </test> <!-- Default test -->
  </suite> <!-- Default suite -->
</testng-results>
